d:\destop\system\x64\debug\vc143.pdb
d:\destop\system\x64\debug\vc143.idb
d:\destop\system\x64\debug\user.obj
d:\destop\system\x64\debug\menu.obj
d:\destop\system\x64\debug\main.obj
d:\destop\system\x64\debug\databasemanager.obj
d:\destop\system\x64\debug\system.exe
d:\destop\system\x64\debug\system.ilk
d:\destop\system\x64\debug\system.pdb
d:\destop\qwq\hongweihao\week03\homework\system\x64\debug\databasemanager.obj
d:\destop\qwq\hongweihao\week03\homework\system\x64\debug\main.obj
d:\destop\qwq\hongweihao\week03\homework\system\x64\debug\menu.obj
d:\destop\qwq\hongweihao\week03\homework\system\x64\debug\user.obj
d:\destop\qwq\hongweihao\week03\homework\system\x64\debug\system.ilk
d:\destop\qwq\hongweihao\week03\homework\system\x64\debug\vc143.idb
d:\destop\qwq\hongweihao\week03\homework\system\x64\debug\system.pdb
d:\destop\qwq\hongweihao\week03\homework\system\x64\debug\vc143.pdb
d:\destop\qwq\hongweihao\week03\homework\system\x64\debug\system.exe
d:\destop\qwq\hongweihao\week03\homework\system\x64\debug\system.tlog\cl.command.1.tlog
d:\destop\qwq\hongweihao\week03\homework\system\x64\debug\system.tlog\cl.items.tlog
d:\destop\qwq\hongweihao\week03\homework\system\x64\debug\system.tlog\cl.read.1.tlog
d:\destop\qwq\hongweihao\week03\homework\system\x64\debug\system.tlog\cl.write.1.tlog
d:\destop\qwq\hongweihao\week03\homework\system\x64\debug\system.tlog\link.command.1.tlog
d:\destop\qwq\hongweihao\week03\homework\system\x64\debug\system.tlog\link.read.1.tlog
d:\destop\qwq\hongweihao\week03\homework\system\x64\debug\system.tlog\link.write.1.tlog
